<?xml version="1.0" encoding="UTF-8"?>
<!-- Generated by org.testng.reporters.JUnitReportReporter -->
<testsuite hostname="Rudran_Arjun" failures="0" tests="1" name="Assignment3.Campaign" time="32.576" errors="0" timestamp="2024-10-17T01:41:14 AEDT" skipped="0">
  <testcase classname="Assignment3.Campaign" name="createAccount" time="32.576"/>
</testsuite> <!-- Assignment3.Campaign -->
