<?xml version="1.0" encoding="UTF-8"?>
<!-- Generated by org.testng.reporters.JUnitReportReporter -->
<testsuite hostname="DESKTOP-P69UOK6" failures="0" tests="1" name="sprint1.S6_54_CreateFollowUpTask" time="28.715" errors="0" timestamp="2024-10-24T22:39:32 IST" skipped="0">
  <testcase classname="sprint1.S6_54_CreateFollowUpTask" name="test" time="28.715"/>
  <system-out/>
</testsuite> <!-- sprint1.S6_54_CreateFollowUpTask -->
