<?xml version="1.0" encoding="UTF-8"?>
<!-- Generated by org.testng.reporters.JUnitReportReporter -->
<testsuite hostname="HarSenTiy" failures="0" tests="1" name="sprint1.S61CreateAccount" time="30.339" errors="0" timestamp="2024-10-20T12:54:47 IST" skipped="0">
  <testcase classname="sprint1.S61CreateAccount" name="addAccount" time="30.339"/>
  <system-out/>
</testsuite> <!-- sprint1.S61CreateAccount -->
