<?xml version="1.0" encoding="UTF-8"?>
<!-- Generated by org.testng.reporters.JUnitReportReporter -->
<testsuite hostname="QA1119" failures="0" tests="1" name="sprint1.DemoTest" time="15.138" errors="0" timestamp="2024-10-20T13:04:52 IST" skipped="0">
  <testcase classname="sprint1.DemoTest" name="demo" time="15.138"/>
  <system-out/>
</testsuite> <!-- sprint1.DemoTest -->
