<?xml version="1.0" encoding="UTF-8"?>
<!-- Generated by org.testng.reporters.JUnitReportReporter -->
<testsuite hostname="DESKTOP-P69UOK6" failures="0" tests="1" name="week1.Assignment.CreateOpportunity" time="42.307" errors="0" timestamp="2024-10-12T09:21:24 IST" skipped="0">
  <testcase classname="week1.Assignment.CreateOpportunity" name="test" time="42.307"/>
  <system-out/>
</testsuite> <!-- week1.Assignment.CreateOpportunity -->
