<?xml version="1.0" encoding="UTF-8"?>
<!-- Generated by org.testng.reporters.JUnitReportReporter -->
<testsuite hostname="HarSenTiy" failures="0" tests="1" name="sprint1.S1613CreatecaseWOMandatoryFields" time="141.518" errors="0" timestamp="2024-10-20T11:55:23 IST" skipped="0">
  <testcase classname="sprint1.S1613CreatecaseWOMandatoryFields" name="casewoMandatory" time="141.518"/>
  <system-out/>
</testsuite> <!-- sprint1.S1613CreatecaseWOMandatoryFields -->
