<?xml version="1.0" encoding="UTF-8"?>
<!-- Generated by org.testng.reporters.JUnitReportReporter -->
<testsuite hostname="DESKTOP-P69UOK6" failures="0" tests="1" name="sprint1.S6_55_EditTask" time="21.482" errors="0" timestamp="2024-10-24T00:57:22 IST" skipped="0">
  <testcase classname="sprint1.S6_55_EditTask" name="test" time="21.482"/>
  <system-out/>
</testsuite> <!-- sprint1.S6_55_EditTask -->
