<?xml version="1.0" encoding="UTF-8"?>
<!-- Generated by org.testng.reporters.JUnitReportReporter -->
<testsuite hostname="HarSenTiy" failures="0" tests="1" name="sprint1.S610Createnewcase" time="41.224" errors="0" timestamp="2024-10-20T12:29:27 IST" skipped="0">
  <testcase classname="sprint1.S610Createnewcase" name="addNewCase" time="41.224"/>
  <system-out/>
</testsuite> <!-- sprint1.S610Createnewcase -->
