<?xml version="1.0" encoding="UTF-8"?>
<!-- Generated by org.testng.reporters.JUnitReportReporter -->
<testsuite hostname="Rudran_Arjun" failures="0" tests="1" name="Assignment3.Create_New_Chart" time="83.521" errors="0" timestamp="2024-10-16T04:31:55 AEDT" skipped="0">
  <testcase classname="Assignment3.Create_New_Chart" name="createNewChart" time="83.521"/>
</testsuite> <!-- Assignment3.Create_New_Chart -->
