<?xml version="1.0" encoding="UTF-8"?>
<!-- Generated by org.testng.reporters.JUnitReportReporter -->
<testsuite hostname="Rudran_Arjun" failures="0" tests="1" name="Assignment1.SortWorkTypeGroup" time="20.592" errors="0" timestamp="2024-10-16T21:17:48 AEDT" skipped="0">
  <testcase classname="Assignment1.SortWorkTypeGroup" name="sortWorkType" time="20.592"/>
</testsuite> <!-- Assignment1.SortWorkTypeGroup -->
