<?xml version="1.0" encoding="UTF-8"?>
<!-- Generated by org.testng.reporters.JUnitReportReporter -->
<testsuite hostname="DESKTOP-P69UOK6" failures="0" tests="1" name="sprint1.S6_26_LegalEntities" time="30.176" errors="0" timestamp="2024-10-19T18:12:25 IST" skipped="0">
  <testcase classname="sprint1.S6_26_LegalEntities" name="test" time="30.176"/>
  <system-out/>
</testsuite> <!-- sprint1.S6_26_LegalEntities -->
