<?xml version="1.0" encoding="UTF-8"?>
<!-- Generated by org.testng.reporters.JUnitReportReporter -->
<testsuite hostname="DESKTOP-P69UOK6" failures="0" tests="1" name="week2.Assignment.EditCampaign" time="92.465" errors="0" timestamp="2024-10-15T21:20:12 IST" skipped="0">
  <testcase classname="week2.Assignment.EditCampaign" name="test" time="92.465"/>
  <system-out/>
</testsuite> <!-- week2.Assignment.EditCampaign -->
