<?xml version="1.0" encoding="UTF-8"?>
<!-- Generated by org.testng.reporters.JUnitReportReporter -->
<testsuite hostname="HarSenTiy" failures="0" tests="1" name="sprint1.S621Updatecontact" time="31.664" errors="0" timestamp="2024-10-20T12:57:05 IST" skipped="0">
  <testcase classname="sprint1.S621Updatecontact" name="updateContact" time="31.664"/>
  <system-out/>
</testsuite> <!-- sprint1.S621Updatecontact -->
