<?xml version="1.0" encoding="UTF-8"?>
<!-- Generated by org.testng.reporters.JUnitReportReporter -->
<testsuite hostname="DESKTOP-P69UOK6" failures="0" tests="1" name="sprint1.S6_53_CreateFollowUpEvent" time="38.150" errors="0" timestamp="2024-10-22T23:43:25 IST" skipped="0">
  <testcase classname="sprint1.S6_53_CreateFollowUpEvent" name="test" time="38.150"/>
  <system-out/>
</testsuite> <!-- sprint1.S6_53_CreateFollowUpEvent -->
