<?xml version="1.0" encoding="UTF-8"?>
<!-- Generated by org.testng.reporters.JUnitReportReporter -->
<testsuite hostname="HarSenTiy" failures="0" tests="1" name="sprint1.S631Dashboardnameascorder" time="44.417" errors="0" timestamp="2024-10-19T17:39:49 IST" skipped="0">
  <testcase classname="sprint1.S631Dashboardnameascorder" name="dashboardnameascendingOrder" time="44.417"/>
  <system-out/>
</testsuite> <!-- sprint1.S631Dashboardnameascorder -->
