<?xml version="1.0" encoding="UTF-8"?>
<!-- Generated by org.testng.reporters.JUnitReportReporter -->
<testsuite hostname="DESKTOP-P69UOK6" failures="0" tests="1" name="week2.Day1.LegalEntities" time="127.282" errors="0" timestamp="2024-10-13T17:17:20 IST" skipped="0">
  <testcase classname="week2.Day1.LegalEntities" name="test" time="127.282"/>
  <system-out/>
</testsuite> <!-- week2.Day1.LegalEntities -->
