<?xml version="1.0" encoding="UTF-8"?>
<!-- Generated by org.testng.reporters.JUnitReportReporter -->
<testsuite hostname="QA1119" failures="0" tests="1" name="sprint1.SF_006DeleteAccount" time="16.897" errors="0" timestamp="2024-10-20T12:59:59 IST" skipped="0">
  <testcase classname="sprint1.SF_006DeleteAccount" name="createAccount" time="16.897"/>
  <system-out/>
</testsuite> <!-- sprint1.SF_006DeleteAccount -->
