<?xml version="1.0" encoding="UTF-8"?>
<!-- Generated by org.testng.reporters.JUnitReportReporter -->
<testsuite hostname="DESKTOP-P69UOK6" failures="0" tests="1" name="week1.Assignment.VerifySorting" time="123.121" errors="0" timestamp="2024-10-09T21:27:43 IST" skipped="0">
  <testcase classname="week1.Assignment.VerifySorting" name="test" time="123.121"/>
  <system-out/>
</testsuite> <!-- week1.Assignment.VerifySorting -->
