<?xml version="1.0" encoding="UTF-8"?>
<!-- Generated by org.testng.reporters.JUnitReportReporter -->
<testsuite hostname="DESKTOP-P69UOK6" failures="0" tests="1" name="sprint1.Raja_Assessment" time="100.758" errors="0" timestamp="2024-10-27T18:18:22 IST" skipped="0">
  <testcase classname="sprint1.Raja_Assessment" name="casewoMandatory" time="100.758"/>
  <system-out/>
</testsuite> <!-- sprint1.Raja_Assessment -->
